2016-03-05 12:01:56,130 [Worker-6] ERROR o.e.m.c.i.p.r.ProjectRegistryReader - Can't read workspace state
java.io.InvalidClassException: org.eclipse.m2e.core.internal.project.registry.BasicProjectRegistry; local class incompatible: stream classdesc serialVersionUID = 5542512601401896748, local class serialVersionUID = 6232274446642339434
	at java.io.ObjectStreamClass.initNonProxy(Unknown Source) ~[na:1.8.0_31]
	at java.io.ObjectInputStream.readNonProxyDesc(Unknown Source) ~[na:1.8.0_31]
	at java.io.ObjectInputStream.readClassDesc(Unknown Source) ~[na:1.8.0_31]
	at java.io.ObjectInputStream.readNonProxyDesc(Unknown Source) ~[na:1.8.0_31]
	at java.io.ObjectInputStream.readClassDesc(Unknown Source) ~[na:1.8.0_31]
	at java.io.ObjectInputStream.readOrdinaryObject(Unknown Source) ~[na:1.8.0_31]
	at java.io.ObjectInputStream.readObject0(Unknown Source) ~[na:1.8.0_31]
	at java.io.ObjectInputStream.readObject(Unknown Source) ~[na:1.8.0_31]
	at org.eclipse.m2e.core.internal.project.registry.ProjectRegistryReader.readWorkspaceState(ProjectRegistryReader.java:100) ~[org.eclipse.m2e.core_1.6.2.20150902-0002.jar:na]
	at org.eclipse.m2e.core.internal.project.registry.ProjectRegistryManager.<init>(ProjectRegistryManager.java:163) [org.eclipse.m2e.core_1.6.2.20150902-0002.jar:na]
	at org.eclipse.m2e.core.internal.MavenPluginActivator.start(MavenPluginActivator.java:211) [org.eclipse.m2e.core_1.6.2.20150902-0002.jar:na]
	at org.eclipse.osgi.internal.framework.BundleContextImpl$3.run(BundleContextImpl.java:771) [org.eclipse.osgi_3.10.101.v20150820-1432.jar:na]
	at org.eclipse.osgi.internal.framework.BundleContextImpl$3.run(BundleContextImpl.java:1) [org.eclipse.osgi_3.10.101.v20150820-1432.jar:na]
	at java.security.AccessController.doPrivileged(Native Method) [na:1.8.0_31]
	at org.eclipse.osgi.internal.framework.BundleContextImpl.startActivator(BundleContextImpl.java:764) [org.eclipse.osgi_3.10.101.v20150820-1432.jar:na]
	at org.eclipse.osgi.internal.framework.BundleContextImpl.start(BundleContextImpl.java:721) [org.eclipse.osgi_3.10.101.v20150820-1432.jar:na]
	at org.eclipse.osgi.internal.framework.EquinoxBundle.startWorker0(EquinoxBundle.java:941) [org.eclipse.osgi_3.10.101.v20150820-1432.jar:na]
	at org.eclipse.osgi.internal.framework.EquinoxBundle$EquinoxModule.startWorker(EquinoxBundle.java:318) [org.eclipse.osgi_3.10.101.v20150820-1432.jar:na]
	at org.eclipse.osgi.container.Module.doStart(Module.java:571) [org.eclipse.osgi_3.10.101.v20150820-1432.jar:na]
	at org.eclipse.osgi.container.Module.start(Module.java:439) [org.eclipse.osgi_3.10.101.v20150820-1432.jar:na]
	at org.eclipse.osgi.framework.util.SecureAction.start(SecureAction.java:454) [org.eclipse.osgi_3.10.101.v20150820-1432.jar:na]
	at org.eclipse.osgi.internal.hooks.EclipseLazyStarter.postFindLocalClass(EclipseLazyStarter.java:107) [org.eclipse.osgi_3.10.101.v20150820-1432.jar:na]
	at org.eclipse.osgi.internal.loader.classpath.ClasspathManager.findLocalClass(ClasspathManager.java:531) [org.eclipse.osgi_3.10.101.v20150820-1432.jar:na]
	at org.eclipse.osgi.internal.loader.ModuleClassLoader.findLocalClass(ModuleClassLoader.java:324) [org.eclipse.osgi_3.10.101.v20150820-1432.jar:na]
	at org.eclipse.osgi.internal.loader.BundleLoader.findLocalClass(BundleLoader.java:327) [org.eclipse.osgi_3.10.101.v20150820-1432.jar:na]
	at org.eclipse.osgi.internal.loader.sources.SingleSourcePackage.loadClass(SingleSourcePackage.java:36) [org.eclipse.osgi_3.10.101.v20150820-1432.jar:na]
	at org.eclipse.osgi.internal.loader.BundleLoader.findClassInternal(BundleLoader.java:398) [org.eclipse.osgi_3.10.101.v20150820-1432.jar:na]
	at org.eclipse.osgi.internal.loader.BundleLoader.findClass(BundleLoader.java:352) [org.eclipse.osgi_3.10.101.v20150820-1432.jar:na]
	at org.eclipse.osgi.internal.loader.BundleLoader.findClass(BundleLoader.java:344) [org.eclipse.osgi_3.10.101.v20150820-1432.jar:na]
	at org.eclipse.osgi.internal.loader.ModuleClassLoader.loadClass(ModuleClassLoader.java:160) [org.eclipse.osgi_3.10.101.v20150820-1432.jar:na]
	at java.lang.ClassLoader.loadClass(Unknown Source) [na:1.8.0_31]
	at java.lang.Class.forName0(Native Method) [na:1.8.0_31]
	at java.lang.Class.forName(Unknown Source) [na:1.8.0_31]
	at org.springsource.ide.eclipse.gradle.core.m2e.M2EUtils.createImplementation(M2EUtils.java:172) [org.springsource.ide.eclipse.gradle.core_3.7.3.201602250836-RELEASE/:na]
	at org.springsource.ide.eclipse.gradle.core.m2e.M2EUtils.implementation(M2EUtils.java:165) [org.springsource.ide.eclipse.gradle.core_3.7.3.201602250836-RELEASE/:na]
	at org.springsource.ide.eclipse.gradle.core.m2e.M2EUtils.isInstalled(M2EUtils.java:183) [org.springsource.ide.eclipse.gradle.core_3.7.3.201602250836-RELEASE/:na]
	at org.springsource.ide.eclipse.gradle.core.classpathcontainer.GradleClassPathContainer.ensureOpenCloseListener(GradleClassPathContainer.java:195) [org.springsource.ide.eclipse.gradle.core_3.7.3.201602250836-RELEASE/:na]
	at org.springsource.ide.eclipse.gradle.core.classpathcontainer.GradleClassPathContainer.getClasspathEntries(GradleClassPathContainer.java:153) [org.springsource.ide.eclipse.gradle.core_3.7.3.201602250836-RELEASE/:na]
	at org.eclipse.jdt.internal.core.JavaProject.resolveClasspath(JavaProject.java:2699) [org.eclipse.jdt.core_3.11.2.v20160128-0629.jar:na]
	at org.eclipse.jdt.internal.core.JavaProject.resolveClasspath(JavaProject.java:2616) [org.eclipse.jdt.core_3.11.2.v20160128-0629.jar:na]
	at org.eclipse.jdt.internal.core.ClasspathEntry.validateClasspath(ClasspathEntry.java:1733) [org.eclipse.jdt.core_3.11.2.v20160128-0629.jar:na]
	at org.eclipse.jdt.internal.core.SetClasspathOperation.verify(SetClasspathOperation.java:118) [org.eclipse.jdt.core_3.11.2.v20160128-0629.jar:na]
	at org.eclipse.jdt.internal.core.JavaModelOperation.runOperation(JavaModelOperation.java:783) [org.eclipse.jdt.core_3.11.2.v20160128-0629.jar:na]
	at org.eclipse.jdt.internal.core.JavaProject.setRawClasspath(JavaProject.java:3097) [org.eclipse.jdt.core_3.11.2.v20160128-0629.jar:na]
	at org.eclipse.jdt.internal.core.JavaProject.setRawClasspath(JavaProject.java:3059) [org.eclipse.jdt.core_3.11.2.v20160128-0629.jar:na]
	at org.eclipse.jdt.internal.core.JavaProject.setRawClasspath(JavaProject.java:3112) [org.eclipse.jdt.core_3.11.2.v20160128-0629.jar:na]
	at org.springsource.ide.eclipse.gradle.core.ClassPath.setOn(ClassPath.java:291) [org.springsource.ide.eclipse.gradle.core_3.7.3.201602250836-RELEASE/:na]
	at org.springsource.ide.eclipse.gradle.core.classpathcontainer.GradleClassPathContainer.addTo(GradleClassPathContainer.java:386) [org.springsource.ide.eclipse.gradle.core_3.7.3.201602250836-RELEASE/:na]
	at org.springsource.ide.eclipse.gradle.core.GradleProject.convertToGradleProject(GradleProject.java:736) [org.springsource.ide.eclipse.gradle.core_3.7.3.201602250836-RELEASE/:na]
	at org.springsource.ide.eclipse.gradle.ui.actions.ConvertToGradleProjectActionDelegate$1.doit(ConvertToGradleProjectActionDelegate.java:54) [org.springsource.ide.eclipse.gradle.ui_3.7.3.201602250836-RELEASE.jar:na]
	at org.springsource.ide.eclipse.gradle.core.util.GradleRunnable$1.run(GradleRunnable.java:53) [org.springsource.ide.eclipse.gradle.core_3.7.3.201602250836-RELEASE/:na]
	at org.eclipse.core.internal.jobs.Worker.run(Worker.java:55) [org.eclipse.core.jobs_3.7.0.v20150330-2103.jar:na]
